app/build/outputs/logs/manifest-merger-debug-report.txt
-- Merging decision tree log ---
manifest
ADDED from AndroidManifest.xml:2:1
	xmlns:android
		ADDED from AndroidManifest.xml:2:11
	package
		ADDED from AndroidManifest.xml:3:2
		INJECTED from AndroidManifest.xml:0:0
		INJECTED from AndroidManifest.xml:0:0
	android:versionName
		ADDED from AndroidManifest.xml:4:2
	android:versionCode
		ADDED from AndroidManifest.xml:3:50
		INJECTED from AndroidManifest.xml:0:0
		INJECTED from AndroidManifest.xml:0:0
uses-sdk
ADDED from AndroidManifest.xml:6:2
	android:targetSdkVersion
		ADDED from AndroidManifest.xml:6:39
		INJECTED from AndroidManifest.xml:0:0
		INJECTED from AndroidManifest.xml:0:0
	android:minSdkVersion
		ADDED from AndroidManifest.xml:6:12
		INJECTED from AndroidManifest.xml:0:0
		INJECTED from AndroidManifest.xml:0:0
uses-permission#android.permission.INTERNET
ADDED from AndroidManifest.xml:7:2
	android:name
		ADDED from AndroidManifest.xml:7:19
uses-permission#android.permission.PERSISTENT_ACTIVITY
ADDED from AndroidManifest.xml:8:2
	android:name
		ADDED from AndroidManifest.xml:8:19
uses-permission#android.permission.READ_EXTERNAL_STORAGE
ADDED from AndroidManifest.xml:9:2
	android:name
		ADDED from AndroidManifest.xml:9:19
uses-permission#android.permission.ACCESS_FINE_LOCATION
ADDED from AndroidManifest.xml:10:2
	android:name
		ADDED from AndroidManifest.xml:10:19
uses-permission#android.permission.ACCESS_COARSE_LOCATION
ADDED from AndroidManifest.xml:11:2
	android:name
		ADDED from AndroidManifest.xml:11:19
application
ADDED from AndroidManifest.xml:13:2
	android:label
		ADDED from AndroidManifest.xml:14:3
	android:icon
		ADDED from AndroidManifest.xml:13:15
	android:theme
		ADDED from AndroidManifest.xml:14:36
uses-library#com.android.future.usb.accessory
ADDED from AndroidManifest.xml:15:3
	android:name
		ADDED from AndroidManifest.xml:15:17
activity#org.yamalab.android.twitter2neomatrix.AdkTwitterLaunch
ADDED from AndroidManifest.xml:16:3
	android:label
		ADDED from AndroidManifest.xml:16:83
	android:configChanges
		ADDED from AndroidManifest.xml:17:7
	android:name
		ADDED from AndroidManifest.xml:16:13
intent-filter#android.intent.action.MAIN+android.intent.category.LAUNCHER
ADDED from AndroidManifest.xml:18:4
action#android.intent.action.MAIN
ADDED from AndroidManifest.xml:19:5
	android:name
		ADDED from AndroidManifest.xml:19:13
category#android.intent.category.LAUNCHER
ADDED from AndroidManifest.xml:20:5
	android:name
		ADDED from AndroidManifest.xml:20:15
intent-filter#android.intent.action.VIEW+android.intent.category.BROWSABLE+android.intent.category.DEFAULT
ADDED from AndroidManifest.xml:22:13
action#android.intent.action.VIEW
ADDED from AndroidManifest.xml:23:14
	android:name
		ADDED from AndroidManifest.xml:23:22
category#android.intent.category.DEFAULT
ADDED from AndroidManifest.xml:24:14
	android:name
		ADDED from AndroidManifest.xml:24:24
category#android.intent.category.BROWSABLE
ADDED from AndroidManifest.xml:25:14
	android:name
		ADDED from AndroidManifest.xml:25:24
data
ADDED from AndroidManifest.xml:26:14
	android:host
		ADDED from AndroidManifest.xml:26:43
	android:scheme
		ADDED from AndroidManifest.xml:26:20
activity#org.yamalab.android.twitter2neomatrix.UsbAccessoryActivity
ADDED from AndroidManifest.xml:29:3
	android:label
		ADDED from AndroidManifest.xml:29:49
	android:taskAffinity
		ADDED from AndroidManifest.xml:30:4
	android:name
		ADDED from AndroidManifest.xml:29:13
	android:launchMode
		ADDED from AndroidManifest.xml:30:28
intent-filter#android.hardware.usb.action.USB_ACCESSORY_ATTACHED
ADDED from AndroidManifest.xml:31:4
action#android.hardware.usb.action.USB_ACCESSORY_ATTACHED
ADDED from AndroidManifest.xml:32:5
	android:name
		ADDED from AndroidManifest.xml:32:13
meta-data#android.hardware.usb.action.USB_ACCESSORY_ATTACHED
ADDED from AndroidManifest.xml:34:4
	android:resource
		ADDED from AndroidManifest.xml:35:5
	android:name
		ADDED from AndroidManifest.xml:34:15
activity#org.yamalab.android.twitter2neomatrix.AdkTwitterActivity
ADDED from AndroidManifest.xml:37:3
	android:screenOrientation
		ADDED from AndroidManifest.xml:38:4
	android:label
		ADDED from AndroidManifest.xml:37:85
	android:name
		ADDED from AndroidManifest.xml:37:13
service#org.yamalab.android.twitter2neomatrix.service.AdkService
ADDED from AndroidManifest.xml:40:3
	android:name
		ADDED from AndroidManifest.xml:40:12